<?xml version="1.0" encoding="UTF-8"?>
<!-- Generated by org.testng.reporters.JUnitReportReporter -->
<testsuite hostname="Deepak" failures="0" tests="2" name="pack1.contactTest" time="0.019" errors="0" timestamp="2025-01-30T14:39:01 IST" skipped="0">
  <testcase classname="pack1.contactTest" name="createcontactTest" time="0.017"/>
  <testcase classname="pack1.contactTest" name="modifycontactTest" time="0.002"/>
</testsuite> <!-- pack1.contactTest -->
